[
  {
    "Plan": {
      "Node Type": "Unique",
      "Parallel Aware": false,
      "Startup Cost": 884.32,
      "Total Cost": 884.33,
      "Plan Rows": 1,
      "Plan Width": 12,
      "Actual Startup Time": 3720.600,
      "Actual Total Time": 3720.601,
      "Actual Rows": 1,
      "Actual Loops": 1,
      "Output": ["customers.number"],
      "Shared Hit Blocks": 8957,
      "Shared Read Blocks": 7778,
      "Shared Dirtied Blocks": 0,
      "Shared Written Blocks": 0,
      "Local Hit Blocks": 0,
      "Local Read Blocks": 0,
      "Local Dirtied Blocks": 0,
      "Local Written Blocks": 0,
      "Temp Read Blocks": 0,
      "Temp Written Blocks": 0,
      "I/O Red Time": 3671.390,
      "I/O Write Time": 0.000,
      "Plans": [
        {
          "Node Type": "Sort",
          "Parent Relationship": "Outer",
          "Parallel Aware": false,
          "Startup Cost": 884.32,
          "Total Cost": 884.33,
          "Plan Rows": 1,
          "Plan Width": 12,
          "Actual Startup Time": 3720.599,
          "Actual Total Time": 3720.599,
          "Actual Rows": 1,
          "Actual Loops": 1,
          "Output": ["customers.number"],
          "Sort Key": ["customers.number"],
          "Sort Method": "quicksort",
          "Sort Space Used": 25,
          "Sort Space Type": "Memory",
          "Shared Hit Blocks": 8957,
          "Shared Read Blocks": 7778,
          "Shared Dirtied Blocks": 0,
          "Shared Written Blocks": 0,
          "Local Hit Blocks": 0,
          "Local Read Blocks": 0,
          "Local Dirtied Blocks": 0,
          "Local Written Blocks": 0,
          "Temp Read Blocks": 0,
          "Temp Written Blocks": 0,
          "I/O Read Time": 3671.390,
          "I/O Write Time": 0.000,
          "Plans": [
            {
              "Node Type": "Nested Loop",
              "Parent Relationship": "Outer",
              "Parallel Aware": false,
              "Join Type": "Inner",
              "Startup Cost": 5.35,
              "Total Cost": 884.32,
              "Plan Rows": 1,
              "Plan Width": 12,
              "Actual Startup Time": 2446.963,
              "Actual Total Time": 3720.571,
              "Actual Rows": 1,
              "Actual Loops": 1,
              "Output": ["customers.number"],
              "Inner Unique": true,
              "Join Filter": "((c1.id IS NOT NULL) OR (m3.id IS NOT NULL) OR (NOT customers.blocked) OR (NOT customers.accepts_notifications))",
              "Rows Removed by Join Filter": 0,
              "Shared Hit Blocks": 8954,
              "Shared Read Blocks": 7778,
              "Shared Dirtied Blocks": 0,
              "Shared Written Blocks": 0,
              "Local Hit Blocks": 0,
              "Local Read Blocks": 0,
              "Local Dirtied Blocks": 0,
              "Local Written Blocks": 0,
              "Temp Read Blocks": 0,
              "Temp Written Blocks": 0,
              "I/O Read Time": 3671.390,
              "I/O Write Time": 0.000,
              "Plans": [
                {
                  "Node Type": "Nested Loop",
                  "Parent Relationship": "Outer",
                  "Parallel Aware": false,
                  "Join Type": "Inner",
                  "Startup Cost": 5.26,
                  "Total Cost": 882.12,
                  "Plan Rows": 1,
                  "Plan Width": 22,
                  "Actual Startup Time": 6.538,
                  "Actual Total Time": 2989.543,
                  "Actual Rows": 785,
                  "Actual Loops": 1,
                  "Output": ["customers.number", "customers.id", "customers.blocked", "customers.accepts_marketing_notifications", "m3.id"],
                  "Inner Unique": false,
                  "Join Filter": "((unnest('{61478000000}'::text[])) = (customers.number)::text)",
                  "Rows Removed by Join Filter": 0,
                  "Shared Hit Blocks": 7310,
                  "Shared Read Blocks": 6282,
                  "Shared Dirtied Blocks": 0,
                  "Shared Written Blocks": 0,
                  "Local Hit Blocks": 0,
                  "Local Read Blocks": 0,
                  "Local Dirtied Blocks": 0,
                  "Local Written Blocks": 0,
                  "Temp Read Blocks": 0,
                  "Temp Written Blocks": 0,
                  "I/O Read Time": 2948.765,
                  "I/O Write Time": 0.000,
                  "Plans": [
                    {
                      "Node Type": "Nested Loop",
                      "Parent Relationship": "Outer",
                      "Parallel Aware": false,
                      "Join Type": "Inner",
                      "Startup Cost": 5.15,
                      "Total Cost": 826.00,
                      "Plan Rows": 7,
                      "Plan Width": 48,
                      "Actual Startup Time": 5.086,
                      "Actual Total Time": 1610.380,
                      "Actual Rows": 760,
                      "Actual Loops": 1,
                      "Output": ["m2.recipient_phone", "(unnest('{61478000000}'::text[]))", "m3.id"],
                      "Inner Unique": true,
                      "Shared Hit Blocks": 5154,
                      "Shared Read Blocks": 3359,
                      "Shared Dirtied Blocks": 0,
                      "Shared Written Blocks": 0,
                      "Local Hit Blocks": 0,
                      "Local Read Blocks": 0,
                      "Local Dirtied Blocks": 0,
                      "Local Written Blocks": 0,
                      "Temp Read Blocks": 0,
                      "Temp Written Blocks": 0,
                      "I/O Read Time": 1585.791,
                      "I/O Write Time": 0.000,
                      "Plans": [
                        {
                          "Node Type": "Nested Loop",
                          "Parent Relationship": "Outer",
                          "Parallel Aware": false,
                          "Join Type": "Inner",
                          "Startup Cost": 5.09,
                          "Total Cost": 818.20,
                          "Plan Rows": 40,
                          "Plan Width": 48,
                          "Actual Startup Time": 4.190,
                          "Actual Total Time": 1606.636,
                          "Actual Rows": 760,
                          "Actual Loops": 1,
                          "Output": ["m2.recipient_phone", "m2.marketing_campaign_settings_id", "(unnest('{61478000000}'::text[]))"],
                          "Inner Unique": false,
                          "Shared Hit Blocks": 2876,
                          "Shared Read Blocks": 3357,
                          "Shared Dirtied Blocks": 0,
                          "Shared Written Blocks": 0,
                          "Local Hit Blocks": 0,
                          "Local Read Blocks": 0,
                          "Local Dirtied Blocks": 0,
                          "Local Written Blocks": 0,
                          "Temp Read Blocks": 0,
                          "Temp Written Blocks": 0,
                          "I/O Read Time": 1584.911,
                          "I/O Write Time": 0.000,
                          "Plans": [
                            {
                              "Node Type": "Aggregate",
                              "Strategy": "Hashed",
                              "Partial Mode": "Simple",
                              "Parent Relationship": "Outer",
                              "Parallel Aware": false,
                              "Startup Cost": 5.00,
                              "Total Cost": 5.60,
                              "Plan Rows": 200,
                              "Plan Width": 32,
                              "Actual Startup Time": 0.393,
                              "Actual Total Time": 1.199,
                              "Actual Rows": 1000,
                              "Actual Loops": 1,
                              "Output": ["(unnest('{61478000000}'::text[]))"],
                              "Group Key": ["unnest('{61478000000}'::text[])"],
                              "Shared Hit Blocks": 0,
                              "Shared Read Blocks": 0,
                              "Shared Dirtied Blocks": 0,
                              "Shared Written Blocks": 0,
                              "Local Hit Blocks": 0,
                              "Local Read Blocks": 0,
                              "Local Dirtied Blocks": 0,
                              "Local Written Blocks": 0,
                              "Temp Read Blocks": 0,
                              "Temp Written Blocks": 0,
                              "I/O Read Time": 0.000,
                              "I/O Write Time": 0.000,
                              "Plans": [
                                {
                                  "Node Type": "ProjectSet",
                                  "Parent Relationship": "Outer",
                                  "Parallel Aware": false,
                                  "Startup Cost": 0.00,
                                  "Total Cost": 1.50,
                                  "Plan Rows": 1000,
                                  "Plan Width": 32,
                                  "Actual Startup Time": 0.003,
                                  "Actual Total Time": 0.090,
                                  "Actual Rows": 1000,
                                  "Actual Loops": 1,
                                  "Output": ["unnest('{61478000000}'::text[])"],
                                  "Shared Hit Blocks": 0,
                                  "Shared Read Blocks": 0,
                                  "Shared Dirtied Blocks": 0,
                                  "Shared Written Blocks": 0,
                                  "Local Hit Blocks": 0,
                                  "Local Read Blocks": 0,
                                  "Local Dirtied Blocks": 0,
                                  "Local Written Blocks": 0,
                                  "Temp Read Blocks": 0,
                                  "Temp Written Blocks": 0,
                                  "I/O Read Time": 0.000,
                                  "I/O Write Time": 0.000,
                                  "Plans": [
                                    {
                                      "Node Type": "Result",
                                      "Parent Relationship": "Outer",
                                      "Parallel Aware": false,
                                      "Startup Cost": 0.00,
                                      "Total Cost": 0.00,
                                      "Plan Rows": 1,
                                      "Plan Width": 0,
                                      "Actual Startup Time": 0.001,
                                      "Actual Total Time": 0.001,
                                      "Actual Rows": 1,
                                      "Actual Loops": 1,
                                      "Shared Hit Blocks": 0,
                                      "Shared Read Blocks": 0,
                                      "Shared Dirtied Blocks": 0,
                                      "Shared Written Blocks": 0,
                                      "Local Hit Blocks": 0,
                                      "Local Read Blocks": 0,
                                      "Local Dirtied Blocks": 0,
                                      "Local Written Blocks": 0,
                                      "Temp Read Blocks": 0,
                                      "Temp Written Blocks": 0,
                                      "I/O Read Time": 0.000,
                                      "I/O Write Time": 0.000
                                    }
                                  ]
                                }
                              ]
                            },
                            {
                              "Node Type": "Index Scan",
                              "Parent Relationship": "Inner",
                              "Parallel Aware": false,
                              "Scan Direction": "Forward",
                              "Index Name": "index_marketing_offers_on_recipient_phone_and_provider_id",
                              "Relation Name": "marketing_offers",
                              "Schema": "public",
                              "Alias": "m2",
                              "Startup Cost": 0.09,
                              "Total Cost": 4.06,
                              "Plan Rows": 1,
                              "Plan Width": 16,
                              "Actual Startup Time": 0.768,
                              "Actual Total Time": 1.604,
                              "Actual Rows": 1,
                              "Actual Loops": 1000,
                              "Output": ["m2.recipient_phone", "m2.marketing_campaign_settings_id"],
                              "Index Cond": "(((m2.recipient_phone)::text = (unnest('{61478000000}'::text[]))) AND (m2.provider_id = 129155))",
                              "Rows Removed by Index Recheck": 0,
                              "Filter": "(m2.created_at > '2021-07-05 14:00:00'::timestamp without time zone)",
                              "Rows Removed by Filter": 1,
                              "Shared Hit Blocks": 2876,
                              "Shared Read Blocks": 3357,
                              "Shared Dirtied Blocks": 0,
                              "Shared Written Blocks": 0,
                              "Local Hit Blocks": 0,
                              "Local Read Blocks": 0,
                              "Local Dirtied Blocks": 0,
                              "Local Written Blocks": 0,
                              "Temp Read Blocks": 0,
                              "Temp Written Blocks": 0,
                              "I/O Read Time": 1584.911,
                              "I/O Write Time": 0.000
                            }
                          ]
                        },
                        {
                          "Node Type": "Index Scan",
                          "Parent Relationship": "Inner",
                          "Parallel Aware": false,
                          "Scan Direction": "Forward",
                          "Index Name": "marketing_campaign_settings_pkey",
                          "Relation Name": "marketing_campaign_settings",
                          "Schema": "public",
                          "Alias": "m3",
                          "Startup Cost": 0.06,
                          "Total Cost": 0.19,
                          "Plan Rows": 1,
                          "Plan Width": 4,
                          "Actual Startup Time": 0.004,
                          "Actual Total Time": 0.004,
                          "Actual Rows": 1,
                          "Actual Loops": 760,
                          "Output": ["m3.id", "m3.provider_id", "m3.marketing_campaign_id", "m3.campaign_category", "m3.current", "m3.value", "m3.discount_type", "m3.\"limit\"", "m3.valid_for", "m3.created_at", "m3.updated_at", "m3.all_services", "m3.discount_id"],
                          "Index Cond": "(m3.id = m2.marketing_campaign_settings_id)",
                          "Rows Removed by Index Recheck": 0,
                          "Filter": "(m3.campaign_category = 4)",
                          "Rows Removed by Filter": 0,
                          "Shared Hit Blocks": 2278,
                          "Shared Read Blocks": 2,
                          "Shared Dirtied Blocks": 0,
                          "Shared Written Blocks": 0,
                          "Local Hit Blocks": 0,
                          "Local Read Blocks": 0,
                          "Local Dirtied Blocks": 0,
                          "Local Written Blocks": 0,
                          "Temp Read Blocks": 0,
                          "Temp Written Blocks": 0,
                          "I/O Read Time": 0.881,
                          "I/O Write Time": 0.000
                        }
                      ]
                    },
                    {
                      "Node Type": "Index Scan",
                      "Parent Relationship": "Inner",
                      "Parallel Aware": false,
                      "Scan Direction": "Forward",
                      "Index Name": "index_customers_on_number",
                      "Relation Name": "customers",
                      "Schema": "public",
                      "Alias": "customers",
                      "Startup Cost": 0.11,
                      "Total Cost": 8.01,
                      "Plan Rows": 1,
                      "Plan Width": 18,
                      "Actual Startup Time": 1.114,
                      "Actual Total Time": 1.813,
                      "Actual Rows": 1,
                      "Actual Loops": 760,
                      "Output": ["customers.number", "customers.id", "customers.blocked", "customers.accepts_notifications"],
                      "Index Cond": "((customers.number)::text = (m2.recipient_phone)::text)",
                      "Rows Removed by Index Recheck": 0,
                      "Filter": "((customers.deleted_at IS NULL) AND (customers.provider_id = 129155))",
                      "Rows Removed by Filter": 2,
                      "Shared Hit Blocks": 2156,
                      "Shared Read Blocks": 2923,
                      "Shared Dirtied Blocks": 0,
                      "Shared Written Blocks": 0,
                      "Local Hit Blocks": 0,
                      "Local Read Blocks": 0,
                      "Local Dirtied Blocks": 0,
                      "Local Written Blocks": 0,
                      "Temp Read Blocks": 0,
                      "Temp Written Blocks": 0,
                      "I/O Read Time": 1362.974,
                      "I/O Write Time": 0.000
                    }
                  ]
                },
                {
                  "Node Type": "Index Scan",
                  "Parent Relationship": "Inner",
                  "Parallel Aware": false,
                  "Scan Direction": "Forward",
                  "Index Name": "index_customer_payments_id",
                  "Relation Name": "customer_payments",
                  "Schema": "public",
                  "Alias": "c1",
                  "Startup Cost": 0.09,
                  "Total Cost": 2.19,
                  "Plan Rows": 1,
                  "Plan Width": 8,
                  "Actual Startup Time": 0.930,
                  "Actual Total Time": 0.930,
                  "Actual Rows": 0,
                  "Actual Loops": 785,
                  "Output": ["c1.id", "c1.customer_id", "c1.provider_id", "c1.unpaid_amount", "c1.created_at", "c1.updated_at"],
                  "Index Cond": "(c1.customer_id = customers.id)",
                  "Rows Removed by Index Recheck": 0,
                  "Filter": "(c1.unpaid_amount > '0'::numeric)",
                  "Rows Removed by Filter": 1,
                  "Shared Hit Blocks": 1644,
                  "Shared Read Blocks": 1496,
                  "Shared Dirtied Blocks": 0,
                  "Shared Written Blocks": 0,
                  "Local Hit Blocks": 0,
                  "Local Read Blocks": 0,
                  "Local Dirtied Blocks": 0,
                  "Local Written Blocks": 0,
                  "Temp Read Blocks": 0,
                  "Temp Written Blocks": 0,
                  "I/O Read Time": 722.625,
                  "I/O Write Time": 0.000
                }
              ]
            }
          ]
        }
      ]
    },
    "Planning Time": 25.864,
    "Triggers": [
    ],
    "Execution Time": 3720.718
  }
]
